<?xml version="1.0" encoding="UTF-8"?>
<testng-results skipped="0" failed="0" ignored="0" total="1" passed="1">
  <reporter-output>
  </reporter-output>
  <suite name="Default suite" duration-ms="23835" started-at="2022-08-19T11:46:18 PYT" finished-at="2022-08-19T11:46:42 PYT">
    <groups>
    </groups>
    <test name="Default test" duration-ms="23835" started-at="2022-08-19T11:46:18 PYT" finished-at="2022-08-19T11:46:42 PYT">
      <class name="Pruebas.BuscarLibros">
        <test-method status="PASS" signature="setUp()[pri:0, instance:Pruebas.BuscarLibros@7a729f84]" name="setUp" is-config="true" duration-ms="4118" started-at="2022-08-19T11:46:14 PYT" finished-at="2022-08-19T11:46:18 PYT">
          <reporter-output>
          </reporter-output>
        </test-method> <!-- setUp -->
        <test-method status="PASS" signature="irUrl()[pri:0, instance:Pruebas.BuscarLibros@7a729f84]" name="irUrl" is-config="true" duration-ms="15856" started-at="2022-08-19T11:46:18 PYT" finished-at="2022-08-19T11:46:34 PYT">
          <reporter-output>
          </reporter-output>
        </test-method> <!-- irUrl -->
        <test-method status="PASS" signature="maxVentana()[pri:0, instance:Pruebas.BuscarLibros@7a729f84]" name="maxVentana" is-config="true" duration-ms="14" started-at="2022-08-19T11:46:34 PYT" finished-at="2022-08-19T11:46:34 PYT">
          <reporter-output>
          </reporter-output>
        </test-method> <!-- maxVentana -->
        <test-method status="PASS" signature="login()[pri:0, instance:Pruebas.BuscarLibros@7a729f84]" name="login" duration-ms="7901" started-at="2022-08-19T11:46:34 PYT" finished-at="2022-08-19T11:46:42 PYT">
          <reporter-output>
          </reporter-output>
        </test-method> <!-- login -->
        <test-method status="PASS" signature="finPrueba()[pri:0, instance:Pruebas.BuscarLibros@7a729f84]" name="finPrueba" is-config="true" duration-ms="0" started-at="2022-08-19T11:46:42 PYT" finished-at="2022-08-19T11:46:42 PYT">
          <reporter-output>
          </reporter-output>
        </test-method> <!-- finPrueba -->
        <test-method status="PASS" signature="cierreNavegador()[pri:0, instance:Pruebas.BuscarLibros@7a729f84]" name="cierreNavegador" is-config="true" duration-ms="0" started-at="2022-08-19T11:46:42 PYT" finished-at="2022-08-19T11:46:42 PYT">
          <reporter-output>
          </reporter-output>
        </test-method> <!-- cierreNavegador -->
        <test-method status="PASS" signature="finSuite()[pri:0, instance:Pruebas.BuscarLibros@7a729f84]" name="finSuite" is-config="true" duration-ms="1" started-at="2022-08-19T11:46:42 PYT" finished-at="2022-08-19T11:46:42 PYT">
          <reporter-output>
          </reporter-output>
        </test-method> <!-- finSuite -->
      </class> <!-- Pruebas.BuscarLibros -->
    </test> <!-- Default test -->
  </suite> <!-- Default suite -->
</testng-results>
